TN:
SF:controllers\AuthController.js
FN:10,(anonymous_0)
FN:13,(anonymous_1)
FN:32,(anonymous_2)
FN:38,(anonymous_3)
FN:53,(anonymous_4)
FN:58,(anonymous_5)
FN:60,(anonymous_6)
FN:101,(anonymous_7)
FN:107,(anonymous_8)
FN:120,(anonymous_9)
FN:128,(anonymous_10)
FN:151,(anonymous_11)
FN:156,(anonymous_12)
FN:177,(anonymous_13)
FN:182,(anonymous_14)
FN:207,(anonymous_15)
FN:211,(anonymous_16)
FN:218,(anonymous_17)
FN:239,(anonymous_18)
FN:281,(anonymous_19)
FN:316,(anonymous_20)
FN:320,(anonymous_21)
FN:344,(anonymous_22)
FN:351,(anonymous_23)
FN:354,(anonymous_24)
FN:361,(anonymous_25)
FN:368,(anonymous_26)
FN:432,(anonymous_27)
FN:452,(anonymous_28)
FN:462,(anonymous_29)
FN:479,(anonymous_30)
FNF:31
FNH:12
FNDA:2,(anonymous_0)
FNDA:1,(anonymous_1)
FNDA:1,(anonymous_2)
FNDA:0,(anonymous_3)
FNDA:3,(anonymous_4)
FNDA:3,(anonymous_5)
FNDA:3,(anonymous_6)
FNDA:1,(anonymous_7)
FNDA:1,(anonymous_8)
FNDA:1,(anonymous_9)
FNDA:1,(anonymous_10)
FNDA:2,(anonymous_11)
FNDA:2,(anonymous_12)
FNDA:0,(anonymous_13)
FNDA:0,(anonymous_14)
FNDA:0,(anonymous_15)
FNDA:0,(anonymous_16)
FNDA:0,(anonymous_17)
FNDA:0,(anonymous_18)
FNDA:0,(anonymous_19)
FNDA:0,(anonymous_20)
FNDA:0,(anonymous_21)
FNDA:0,(anonymous_22)
FNDA:0,(anonymous_23)
FNDA:0,(anonymous_24)
FNDA:0,(anonymous_25)
FNDA:0,(anonymous_26)
FNDA:0,(anonymous_27)
FNDA:0,(anonymous_28)
FNDA:0,(anonymous_29)
FNDA:0,(anonymous_30)
DA:1,1
DA:3,1
DA:4,1
DA:5,1
DA:6,1
DA:7,1
DA:10,1
DA:11,2
DA:12,2
DA:13,1
DA:14,1
DA:15,0
DA:19,1
DA:32,1
DA:33,1
DA:39,0
DA:45,1
DA:53,1
DA:54,3
DA:55,3
DA:57,3
DA:59,3
DA:60,3
DA:61,3
DA:62,0
DA:66,3
DA:67,1
DA:72,2
DA:73,1
DA:74,1
DA:76,1
DA:77,1
DA:79,1
DA:87,1
DA:94,0
DA:101,1
DA:102,1
DA:103,1
DA:104,1
DA:106,1
DA:108,1
DA:110,1
DA:117,1
DA:120,1
DA:121,0
DA:125,1
DA:126,1
DA:127,1
DA:128,1
DA:129,1
DA:130,1
DA:132,0
DA:133,0
DA:134,0
DA:139,1
DA:144,0
DA:151,1
DA:152,2
DA:153,2
DA:155,2
DA:157,2
DA:158,1
DA:164,1
DA:170,0
DA:177,1
DA:178,0
DA:179,0
DA:181,0
DA:183,0
DA:184,0
DA:185,0
DA:187,0
DA:188,0
DA:192,0
DA:200,0
DA:207,1
DA:208,0
DA:209,0
DA:211,0
DA:212,0
DA:213,0
DA:217,0
DA:219,0
DA:220,0
DA:223,0
DA:228,0
DA:239,1
DA:240,0
DA:241,0
DA:242,0
DA:243,0
DA:244,0
DA:245,0
DA:246,0
DA:247,0
DA:248,0
DA:250,0
DA:251,0
DA:263,0
DA:269,0
DA:277,1
DA:278,1
DA:279,1
DA:281,1
DA:283,0
DA:303,0
DA:308,0
DA:309,0
DA:310,0
DA:316,1
DA:317,0
DA:318,0
DA:320,0
DA:321,0
DA:322,0
DA:326,0
DA:327,0
DA:329,0
DA:330,0
DA:332,0
DA:344,1
DA:345,0
DA:346,0
DA:347,0
DA:348,0
DA:350,0
DA:352,0
DA:354,0
DA:355,0
DA:356,0
DA:360,0
DA:361,0
DA:362,0
DA:363,0
DA:367,0
DA:369,0
DA:370,0
DA:375,0
DA:380,0
DA:387,0
DA:396,0
DA:432,1
DA:433,0
DA:434,0
DA:436,0
DA:438,0
DA:443,0
DA:448,0
DA:452,1
DA:453,0
DA:454,0
DA:455,0
DA:457,0
DA:462,1
DA:463,0
DA:465,0
DA:466,0
DA:467,0
DA:468,0
DA:470,0
DA:474,0
DA:479,1
DA:480,0
DA:481,0
DA:482,0
DA:483,0
DA:484,0
DA:486,0
DA:491,1
LF:169
LH:68
BRDA:12,0,0,1
BRDA:12,0,1,1
BRDA:14,1,0,0
BRDA:14,1,1,1
BRDA:30,2,0,1
BRDA:30,2,1,1
BRDA:59,3,0,3
BRDA:59,3,1,0
BRDA:61,4,0,0
BRDA:61,4,1,3
BRDA:66,5,0,1
BRDA:66,5,1,2
BRDA:72,6,0,1
BRDA:72,6,1,1
BRDA:108,7,0,1
BRDA:108,7,1,0
BRDA:120,8,0,0
BRDA:120,8,1,1
BRDA:129,9,0,1
BRDA:129,9,1,0
BRDA:157,10,0,1
BRDA:157,10,1,1
BRDA:183,11,0,0
BRDA:183,11,1,0
BRDA:187,12,0,0
BRDA:187,12,1,0
BRDA:212,13,0,0
BRDA:212,13,1,0
BRDA:219,14,0,0
BRDA:219,14,1,0
BRDA:277,15,0,1
BRDA:277,15,1,1
BRDA:278,16,0,1
BRDA:278,16,1,1
BRDA:279,17,0,1
BRDA:279,17,1,1
BRDA:321,18,0,0
BRDA:321,18,1,0
BRDA:352,19,0,0
BRDA:352,19,1,0
BRDA:355,20,0,0
BRDA:355,20,1,0
BRDA:360,21,0,0
BRDA:360,21,1,0
BRDA:362,22,0,0
BRDA:362,22,1,0
BRDA:369,23,0,0
BRDA:369,23,1,0
BRDA:444,24,0,0
BRDA:444,24,1,0
BRDA:467,25,0,0
BRDA:467,25,1,0
BRF:52
BRH:22
end_of_record
TN:
SF:controllers\CartController.js
FN:3,(anonymous_0)
FN:13,(anonymous_1)
FN:16,(anonymous_2)
FN:28,(anonymous_3)
FN:46,(anonymous_4)
FNF:5
FNH:5
FNDA:1,(anonymous_0)
FNDA:2,(anonymous_1)
FNDA:2,(anonymous_2)
FNDA:3,(anonymous_3)
FNDA:3,(anonymous_4)
DA:1,1
DA:3,1
DA:4,1
DA:5,1
DA:6,1
DA:7,1
DA:9,0
DA:13,1
DA:14,2
DA:15,2
DA:16,2
DA:17,2
DA:18,1
DA:20,1
DA:24,0
DA:28,1
DA:29,3
DA:30,3
DA:36,2
DA:37,1
DA:40,1
DA:42,1
DA:46,1
DA:47,3
DA:49,3
DA:50,3
DA:51,2
DA:52,1
DA:54,1
DA:58,1
DA:62,1
LF:31
LH:29
BRDA:17,0,0,1
BRDA:17,0,1,1
BRDA:36,1,0,1
BRDA:36,1,1,1
BRDA:51,2,0,1
BRDA:51,2,1,1
BRF:6
BRH:6
end_of_record
TN:
SF:controllers\CategoryController.js
FN:3,(anonymous_0)
FN:13,(anonymous_1)
FN:25,(anonymous_2)
FN:35,(anonymous_3)
FN:49,(anonymous_4)
FNF:5
FNH:5
FNDA:2,(anonymous_0)
FNDA:3,(anonymous_1)
FNDA:2,(anonymous_2)
FNDA:3,(anonymous_3)
FNDA:3,(anonymous_4)
DA:1,1
DA:3,1
DA:4,2
DA:5,2
DA:6,2
DA:7,1
DA:9,1
DA:13,1
DA:14,3
DA:15,3
DA:16,2
DA:17,1
DA:19,1
DA:21,1
DA:25,1
DA:26,2
DA:27,2
DA:28,1
DA:30,1
DA:35,1
DA:36,3
DA:37,3
DA:40,2
DA:41,1
DA:43,1
DA:45,1
DA:49,1
DA:50,3
DA:51,3
DA:52,2
DA:53,1
DA:55,1
DA:57,1
DA:61,1
LF:34
LH:34
BRDA:16,0,0,1
BRDA:16,0,1,1
BRDA:40,1,0,1
BRDA:40,1,1,1
BRDA:52,2,0,1
BRDA:52,2,1,1
BRF:6
BRH:6
end_of_record
TN:
SF:controllers\ProductController.js
FN:6,(anonymous_0)
FN:18,(anonymous_1)
FN:28,(anonymous_2)
FN:38,(anonymous_3)
FN:51,(anonymous_4)
FN:66,(anonymous_5)
FN:80,(anonymous_6)
FN:91,(anonymous_7)
FN:106,(anonymous_8)
FN:117,(anonymous_9)
FN:129,(anonymous_10)
FNF:11
FNH:5
FNDA:2,(anonymous_0)
FNDA:2,(anonymous_1)
FNDA:0,(anonymous_2)
FNDA:3,(anonymous_3)
FNDA:2,(anonymous_4)
FNDA:2,(anonymous_5)
FNDA:0,(anonymous_6)
FNDA:0,(anonymous_7)
FNDA:0,(anonymous_8)
FNDA:0,(anonymous_9)
FNDA:0,(anonymous_10)
DA:2,1
DA:3,1
DA:6,1
DA:7,2
DA:8,2
DA:9,2
DA:10,1
DA:12,1
DA:18,1
DA:19,2
DA:20,2
DA:21,1
DA:23,1
DA:28,1
DA:29,0
DA:30,0
DA:31,0
DA:33,0
DA:38,1
DA:39,3
DA:40,3
DA:41,2
DA:42,1
DA:44,1
DA:46,1
DA:51,1
DA:52,2
DA:53,2
DA:56,2
DA:57,1
DA:59,1
DA:61,0
DA:66,1
DA:67,2
DA:68,2
DA:69,2
DA:70,1
DA:72,1
DA:74,0
DA:80,1
DA:81,0
DA:82,0
DA:83,0
DA:85,0
DA:87,0
DA:91,1
DA:92,0
DA:93,0
DA:94,0
DA:95,0
DA:96,0
DA:98,0
DA:100,0
DA:106,1
DA:107,0
DA:108,0
DA:109,0
DA:110,0
DA:112,0
DA:117,1
DA:118,0
DA:119,0
DA:120,0
DA:121,0
DA:123,0
DA:125,0
DA:129,1
DA:131,0
DA:132,0
DA:133,0
DA:135,0
LF:71
LH:38
BRDA:41,0,0,1
BRDA:41,0,1,1
BRDA:56,1,0,1
BRDA:56,1,1,1
BRDA:69,2,0,1
BRDA:69,2,1,1
BRDA:95,3,0,0
BRDA:95,3,1,0
BRDA:120,4,0,0
BRDA:120,4,1,0
BRF:10
BRH:6
end_of_record
TN:
SF:controllers\PromotionController.js
FN:6,(anonymous_0)
FN:18,(anonymous_1)
FN:28,(anonymous_2)
FN:38,(anonymous_3)
FN:58,(anonymous_4)
FNF:5
FNH:5
FNDA:1,(anonymous_0)
FNDA:1,(anonymous_1)
FNDA:1,(anonymous_2)
FNDA:1,(anonymous_3)
FNDA:2,(anonymous_4)
DA:1,1
DA:2,1
DA:6,1
DA:7,1
DA:8,1
DA:9,1
DA:10,1
DA:11,1
DA:13,0
DA:18,1
DA:19,1
DA:20,1
DA:21,1
DA:23,0
DA:28,1
DA:29,1
DA:30,1
DA:31,1
DA:33,0
DA:38,1
DA:39,1
DA:40,1
DA:42,1
DA:47,1
DA:48,0
DA:51,1
DA:53,0
DA:58,1
DA:59,2
DA:60,2
DA:61,2
DA:62,2
DA:63,1
DA:65,1
DA:66,1
DA:69,0
DA:71,0
DA:75,1
LF:38
LH:31
BRDA:47,0,0,0
BRDA:47,0,1,1
BRDA:62,1,0,1
BRDA:62,1,1,1
BRF:4
BRH:3
end_of_record
TN:
SF:controllers\RatingController.js
FN:5,getRateAVG
FN:7,(anonymous_1)
FN:12,(anonymous_2)
FN:29,(anonymous_3)
FN:45,(anonymous_4)
FN:58,(anonymous_5)
FN:76,(anonymous_6)
FN:94,(anonymous_7)
FNF:8
FNH:8
FNDA:4,getRateAVG
FNDA:4,(anonymous_1)
FNDA:1,(anonymous_2)
FNDA:1,(anonymous_3)
FNDA:2,(anonymous_4)
FNDA:2,(anonymous_5)
FNDA:2,(anonymous_6)
FNDA:1,(anonymous_7)
DA:1,1
DA:2,1
DA:6,4
DA:7,4
DA:8,4
DA:12,1
DA:13,1
DA:14,1
DA:15,1
DA:16,1
DA:19,1
DA:20,1
DA:22,1
DA:24,0
DA:29,1
DA:30,1
DA:31,1
DA:32,1
DA:33,1
DA:35,1
DA:40,0
DA:45,1
DA:46,2
DA:47,2
DA:48,2
DA:49,1
DA:51,1
DA:53,0
DA:58,1
DA:59,2
DA:60,2
DA:61,2
DA:62,1
DA:66,1
DA:67,1
DA:69,1
DA:71,0
DA:76,1
DA:77,2
DA:78,2
DA:79,2
DA:80,1
DA:84,1
DA:85,1
DA:87,1
DA:89,0
DA:94,1
DA:95,1
DA:96,1
DA:97,1
DA:98,1
DA:100,0
LF:52
LH:46
BRDA:8,0,0,3
BRDA:8,0,1,1
BRDA:48,1,0,1
BRDA:48,1,1,1
BRDA:61,2,0,1
BRDA:61,2,1,1
BRDA:79,3,0,1
BRDA:79,3,1,1
BRF:8
BRH:8
end_of_record
TN:
SF:controllers\ReclamationController.js
FN:3,(anonymous_0)
FN:29,(anonymous_1)
FN:39,(anonymous_2)
FN:51,(anonymous_3)
FN:63,(anonymous_4)
FNF:5
FNH:5
FNDA:2,(anonymous_0)
FNDA:1,(anonymous_1)
FNDA:3,(anonymous_2)
FNDA:3,(anonymous_3)
FNDA:3,(anonymous_4)
DA:1,1
DA:3,1
DA:4,2
DA:5,2
DA:7,2
DA:15,2
DA:17,1
DA:22,1
DA:29,1
DA:30,1
DA:31,1
DA:32,1
DA:33,1
DA:35,0
DA:39,1
DA:40,3
DA:41,3
DA:42,2
DA:43,1
DA:45,1
DA:47,1
DA:51,1
DA:52,3
DA:53,3
DA:54,2
DA:55,1
DA:57,1
DA:59,1
DA:63,1
DA:64,3
DA:65,3
DA:66,2
DA:67,1
DA:69,1
DA:71,1
LF:35
LH:34
BRDA:42,0,0,1
BRDA:42,0,1,1
BRDA:54,1,0,1
BRDA:54,1,1,1
BRDA:66,2,0,1
BRDA:66,2,1,1
BRF:6
BRH:6
end_of_record
TN:
SF:controllers\ReviewController.js
FN:4,(anonymous_0)
FN:24,(anonymous_1)
FN:38,(anonymous_2)
FN:51,(anonymous_3)
FNF:4
FNH:4
FNDA:1,(anonymous_0)
FNDA:1,(anonymous_1)
FNDA:1,(anonymous_2)
FNDA:1,(anonymous_3)
DA:1,1
DA:4,1
DA:5,1
DA:6,1
DA:8,1
DA:15,1
DA:16,1
DA:17,1
DA:19,0
DA:24,1
DA:25,1
DA:27,1
DA:28,1
DA:31,1
DA:33,0
DA:38,1
DA:39,1
DA:40,1
DA:42,1
DA:43,1
DA:44,1
DA:46,0
DA:51,1
DA:52,1
DA:54,1
DA:55,1
DA:56,1
DA:58,0
LF:28
LH:24
BRF:0
BRH:0
end_of_record
TN:
SF:controllers\SalesController.js
FN:3,(anonymous_0)
FN:46,(anonymous_1)
FN:57,(anonymous_2)
FN:72,(anonymous_3)
FN:86,(anonymous_4)
FNF:5
FNH:5
FNDA:3,(anonymous_0)
FNDA:2,(anonymous_1)
FNDA:3,(anonymous_2)
FNDA:2,(anonymous_3)
FNDA:3,(anonymous_4)
DA:1,1
DA:3,1
DA:4,3
DA:5,3
DA:7,3
DA:38,3
DA:40,1
DA:42,2
DA:46,1
DA:47,2
DA:48,2
DA:49,2
DA:51,1
DA:53,1
DA:57,1
DA:58,3
DA:59,3
DA:60,2
DA:61,1
DA:65,1
DA:68,1
DA:72,1
DA:73,2
DA:74,2
DA:75,2
DA:76,1
DA:79,1
DA:83,0
DA:86,1
DA:87,3
DA:88,3
DA:89,2
DA:90,1
DA:92,1
DA:95,1
LF:35
LH:34
BRDA:60,0,0,1
BRDA:60,0,1,1
BRDA:75,1,0,1
BRDA:75,1,1,1
BRDA:89,2,0,1
BRDA:89,2,1,1
BRF:6
BRH:6
end_of_record
TN:
SF:controllers\SubCategoryController.js
FN:3,(anonymous_0)
FN:13,(anonymous_1)
FN:25,(anonymous_2)
FN:35,(anonymous_3)
FN:49,(anonymous_4)
FNF:5
FNH:5
FNDA:1,(anonymous_0)
FNDA:2,(anonymous_1)
FNDA:1,(anonymous_2)
FNDA:2,(anonymous_3)
FNDA:3,(anonymous_4)
DA:1,1
DA:3,1
DA:4,1
DA:5,1
DA:6,1
DA:7,1
DA:9,0
DA:13,1
DA:14,2
DA:15,2
DA:16,2
DA:17,1
DA:19,1
DA:21,0
DA:25,1
DA:26,1
DA:27,1
DA:28,1
DA:30,0
DA:35,1
DA:36,2
DA:37,2
DA:40,2
DA:41,1
DA:43,1
DA:45,0
DA:49,1
DA:50,3
DA:51,3
DA:52,2
DA:53,1
DA:55,1
DA:57,1
DA:61,1
LF:34
LH:30
BRDA:16,0,0,1
BRDA:16,0,1,1
BRDA:40,1,0,1
BRDA:40,1,1,1
BRDA:52,2,0,1
BRDA:52,2,1,1
BRF:6
BRH:6
end_of_record
TN:
SF:controllers\SupplierController.js
FN:4,(anonymous_0)
FN:15,(anonymous_1)
FN:25,(anonymous_2)
FN:38,(anonymous_3)
FN:54,(anonymous_4)
FNF:5
FNH:5
FNDA:2,(anonymous_0)
FNDA:2,(anonymous_1)
FNDA:3,(anonymous_2)
FNDA:3,(anonymous_3)
FNDA:3,(anonymous_4)
DA:1,1
DA:4,1
DA:5,2
DA:6,2
DA:7,2
DA:8,1
DA:10,1
DA:15,1
DA:16,2
DA:17,2
DA:18,1
DA:20,1
DA:25,1
DA:26,3
DA:27,3
DA:28,2
DA:29,1
DA:31,1
DA:33,1
DA:38,1
DA:39,3
DA:40,3
DA:44,2
DA:45,1
DA:47,1
DA:49,1
DA:54,1
DA:55,3
DA:56,3
DA:57,2
DA:58,1
DA:60,1
DA:62,1
LF:33
LH:33
BRDA:28,0,0,1
BRDA:28,0,1,1
BRDA:44,1,0,1
BRDA:44,1,1,1
BRDA:57,2,0,1
BRDA:57,2,1,1
BRF:6
BRH:6
end_of_record
TN:
SF:controllers\WishListController.js
FN:3,(anonymous_0)
FN:13,(anonymous_1)
FN:16,(anonymous_2)
FN:28,(anonymous_3)
FN:46,(anonymous_4)
FNF:5
FNH:5
FNDA:1,(anonymous_0)
FNDA:2,(anonymous_1)
FNDA:2,(anonymous_2)
FNDA:3,(anonymous_3)
FNDA:3,(anonymous_4)
DA:1,1
DA:3,1
DA:4,1
DA:5,1
DA:6,1
DA:7,1
DA:9,0
DA:13,1
DA:14,2
DA:15,2
DA:16,2
DA:17,2
DA:18,1
DA:20,1
DA:24,0
DA:28,1
DA:29,3
DA:30,3
DA:36,2
DA:37,1
DA:40,1
DA:42,1
DA:46,1
DA:47,3
DA:49,3
DA:50,3
DA:51,2
DA:52,1
DA:54,1
DA:58,1
DA:62,1
LF:31
LH:29
BRDA:17,0,0,1
BRDA:17,0,1,1
BRDA:36,1,0,1
BRDA:36,1,1,1
BRDA:51,2,0,1
BRDA:51,2,1,1
BRF:6
BRH:6
end_of_record
TN:
SF:models\Cart.js
FNF:0
FNH:0
DA:1,1
DA:3,1
DA:18,1
LF:3
LH:3
BRF:0
BRH:0
end_of_record
TN:
SF:models\Category.js
FNF:0
FNH:0
DA:1,1
DA:3,1
DA:18,1
LF:3
LH:3
BRF:0
BRH:0
end_of_record
TN:
SF:models\OTP.js
FNF:0
FNH:0
DA:1,1
DA:2,1
DA:4,1
DA:22,1
DA:23,1
LF:5
LH:5
BRF:0
BRH:0
end_of_record
TN:
SF:models\Product.js
FNF:0
FNH:0
DA:1,3
DA:3,3
DA:27,3
LF:3
LH:3
BRF:0
BRH:0
end_of_record
TN:
SF:models\Product3D.js
FNF:0
FNH:0
DA:1,1
DA:3,1
DA:10,1
LF:3
LH:3
BRF:0
BRH:0
end_of_record
TN:
SF:models\Promotion.js
FNF:0
FNH:0
DA:1,1
DA:3,1
DA:14,1
LF:3
LH:3
BRF:0
BRH:0
end_of_record
TN:
SF:models\Rating.js
FNF:0
FNH:0
DA:1,1
DA:2,1
DA:4,1
DA:19,1
DA:20,1
LF:5
LH:5
BRF:0
BRH:0
end_of_record
TN:
SF:models\Reclamation.js
FNF:0
FNH:0
DA:1,1
DA:2,1
DA:4,1
DA:31,1
DA:32,1
LF:5
LH:5
BRF:0
BRH:0
end_of_record
TN:
SF:models\Review.js
FNF:0
FNH:0
DA:1,1
DA:2,1
DA:4,1
DA:23,1
LF:4
LH:4
BRF:0
BRH:0
end_of_record
TN:
SF:models\Sales.js
FNF:0
FNH:0
DA:1,1
DA:3,1
DA:20,1
LF:3
LH:3
BRF:0
BRH:0
end_of_record
TN:
SF:models\SubCategory.js
FNF:0
FNH:0
DA:1,1
DA:3,1
DA:14,1
LF:3
LH:3
BRF:0
BRH:0
end_of_record
TN:
SF:models\User.js
FNF:0
FNH:0
DA:1,1
DA:2,1
DA:4,1
DA:60,1
DA:61,1
LF:5
LH:5
BRF:0
BRH:0
end_of_record
TN:
SF:models\WishList.js
FNF:0
FNH:0
DA:1,1
DA:3,1
DA:21,1
LF:3
LH:3
BRF:0
BRH:0
end_of_record
TN:
SF:models\supplier.js
FNF:0
FNH:0
DA:1,1
DA:3,1
DA:17,1
DA:19,1
LF:4
LH:4
BRF:0
BRH:0
end_of_record
