TN:
SF:controllers\AuthController.js
FN:9,(anonymous_0)
FN:12,(anonymous_1)
FN:33,(anonymous_2)
FN:39,(anonymous_3)
FN:52,(anonymous_4)
FN:56,(anonymous_5)
FN:58,(anonymous_6)
FN:105,(anonymous_7)
FN:110,(anonymous_8)
FN:125,(anonymous_9)
FN:134,(anonymous_10)
FN:155,(anonymous_11)
FN:158,(anonymous_12)
FN:177,(anonymous_13)
FN:181,(anonymous_14)
FN:203,(anonymous_15)
FN:207,(anonymous_16)
FN:213,(anonymous_17)
FN:230,(anonymous_18)
FN:268,(anonymous_19)
FN:308,(anonymous_20)
FN:312,(anonymous_21)
FN:337,(anonymous_22)
FN:343,(anonymous_23)
FN:348,(anonymous_24)
FN:355,(anonymous_25)
FN:361,(anonymous_26)
FN:414,(anonymous_27)
FN:431,(anonymous_28)
FN:440,(anonymous_29)
FN:455,(anonymous_30)
FNF:31
FNH:12
FNDA:2,(anonymous_0)
FNDA:1,(anonymous_1)
FNDA:1,(anonymous_2)
FNDA:0,(anonymous_3)
FNDA:3,(anonymous_4)
FNDA:3,(anonymous_5)
FNDA:3,(anonymous_6)
FNDA:1,(anonymous_7)
FNDA:1,(anonymous_8)
FNDA:1,(anonymous_9)
FNDA:1,(anonymous_10)
FNDA:2,(anonymous_11)
FNDA:2,(anonymous_12)
FNDA:0,(anonymous_13)
FNDA:0,(anonymous_14)
FNDA:0,(anonymous_15)
FNDA:0,(anonymous_16)
FNDA:0,(anonymous_17)
FNDA:0,(anonymous_18)
FNDA:0,(anonymous_19)
FNDA:0,(anonymous_20)
FNDA:0,(anonymous_21)
FNDA:0,(anonymous_22)
FNDA:0,(anonymous_23)
FNDA:0,(anonymous_24)
FNDA:0,(anonymous_25)
FNDA:0,(anonymous_26)
FNDA:0,(anonymous_27)
FNDA:0,(anonymous_28)
FNDA:0,(anonymous_29)
FNDA:0,(anonymous_30)
DA:1,1
DA:3,1
DA:4,1
DA:5,1
DA:6,1
DA:7,1
DA:9,1
DA:10,2
DA:11,2
DA:12,1
DA:13,1
DA:14,0
DA:18,1
DA:31,1
DA:34,1
DA:40,0
DA:46,1
DA:52,1
DA:53,3
DA:54,3
DA:56,3
DA:57,3
DA:58,3
DA:59,3
DA:60,0
DA:64,3
DA:65,1
DA:69,2
DA:70,1
DA:73,1
DA:79,1
DA:80,1
DA:82,1
DA:92,1
DA:98,0
DA:105,1
DA:106,1
DA:107,1
DA:108,1
DA:110,1
DA:111,1
DA:112,1
DA:118,1
DA:125,1
DA:126,1
DA:127,0
DA:131,1
DA:132,1
DA:133,1
DA:134,1
DA:135,1
DA:136,1
DA:138,0
DA:139,0
DA:140,0
DA:144,1
DA:148,0
DA:155,1
DA:156,2
DA:157,2
DA:158,2
DA:159,2
DA:160,1
DA:165,1
DA:171,0
DA:177,1
DA:178,0
DA:179,0
DA:181,0
DA:182,0
DA:183,0
DA:184,0
DA:186,0
DA:187,0
DA:191,0
DA:196,0
DA:203,1
DA:204,0
DA:205,0
DA:207,0
DA:208,0
DA:209,0
DA:213,0
DA:214,0
DA:215,0
DA:218,0
DA:222,0
DA:230,1
DA:231,0
DA:232,0
DA:233,0
DA:234,0
DA:235,0
DA:236,0
DA:237,0
DA:238,0
DA:239,0
DA:241,0
DA:242,0
DA:253,0
DA:258,0
DA:264,1
DA:265,1
DA:266,1
DA:268,1
DA:270,0
DA:291,0
DA:302,0
DA:303,0
DA:304,0
DA:308,1
DA:309,0
DA:310,0
DA:312,0
DA:313,0
DA:314,0
DA:318,0
DA:321,0
DA:323,0
DA:324,0
DA:326,0
DA:337,1
DA:338,0
DA:339,0
DA:340,0
DA:341,0
DA:343,0
DA:344,0
DA:345,0
DA:349,0
DA:350,0
DA:354,0
DA:355,0
DA:356,0
DA:357,0
DA:361,0
DA:362,0
DA:363,0
DA:367,0
DA:371,0
DA:378,0
DA:385,0
DA:414,1
DA:415,0
DA:416,0
DA:418,0
DA:419,0
DA:423,0
DA:427,0
DA:431,1
DA:432,0
DA:433,0
DA:434,0
DA:436,0
DA:440,1
DA:441,0
DA:443,0
DA:444,0
DA:445,0
DA:446,0
DA:448,0
DA:451,0
DA:455,1
DA:456,0
DA:457,0
DA:458,0
DA:459,0
DA:463,0
DA:465,0
DA:469,1
LF:170
LH:69
BRDA:11,0,0,1
BRDA:11,0,1,1
BRDA:13,1,0,0
BRDA:13,1,1,1
BRDA:29,2,0,1
BRDA:29,2,1,1
BRDA:57,3,0,3
BRDA:57,3,1,0
BRDA:59,4,0,0
BRDA:59,4,1,3
BRDA:64,5,0,1
BRDA:64,5,1,2
BRDA:69,6,0,1
BRDA:69,6,1,1
BRDA:111,7,0,1
BRDA:111,7,1,0
BRDA:126,8,0,0
BRDA:126,8,1,1
BRDA:135,9,0,1
BRDA:135,9,1,0
BRDA:159,10,0,1
BRDA:159,10,1,1
BRDA:182,11,0,0
BRDA:182,11,1,0
BRDA:186,12,0,0
BRDA:186,12,1,0
BRDA:208,13,0,0
BRDA:208,13,1,0
BRDA:214,14,0,0
BRDA:214,14,1,0
BRDA:264,15,0,1
BRDA:264,15,1,1
BRDA:265,16,0,1
BRDA:265,16,1,1
BRDA:266,17,0,1
BRDA:266,17,1,1
BRDA:313,18,0,0
BRDA:313,18,1,0
BRDA:344,19,0,0
BRDA:344,19,1,0
BRDA:349,20,0,0
BRDA:349,20,1,0
BRDA:354,21,0,0
BRDA:354,21,1,0
BRDA:356,22,0,0
BRDA:356,22,1,0
BRDA:362,23,0,0
BRDA:362,23,1,0
BRDA:424,24,0,0
BRDA:424,24,1,0
BRDA:445,25,0,0
BRDA:445,25,1,0
BRF:52
BRH:22
end_of_record
TN:
SF:controllers\CartController.js
FN:3,(anonymous_0)
FN:13,(anonymous_1)
FN:16,(anonymous_2)
FN:28,(anonymous_3)
FN:46,(anonymous_4)
FNF:5
FNH:5
FNDA:1,(anonymous_0)
FNDA:2,(anonymous_1)
FNDA:2,(anonymous_2)
FNDA:3,(anonymous_3)
FNDA:3,(anonymous_4)
DA:1,1
DA:3,1
DA:4,1
DA:5,1
DA:6,1
DA:7,1
DA:9,0
DA:13,1
DA:14,2
DA:15,2
DA:16,2
DA:17,2
DA:18,1
DA:20,1
DA:24,0
DA:28,1
DA:29,3
DA:30,3
DA:36,2
DA:37,1
DA:40,1
DA:42,1
DA:46,1
DA:47,3
DA:49,3
DA:50,3
DA:51,2
DA:52,1
DA:54,1
DA:57,1
DA:61,1
LF:31
LH:29
BRDA:17,0,0,1
BRDA:17,0,1,1
BRDA:36,1,0,1
BRDA:36,1,1,1
BRDA:51,2,0,1
BRDA:51,2,1,1
BRF:6
BRH:6
end_of_record
TN:
SF:controllers\CategoryController.js
FN:3,(anonymous_0)
FN:13,(anonymous_1)
FN:25,(anonymous_2)
FN:36,(anonymous_3)
FN:50,(anonymous_4)
FNF:5
FNH:5
FNDA:2,(anonymous_0)
FNDA:3,(anonymous_1)
FNDA:2,(anonymous_2)
FNDA:3,(anonymous_3)
FNDA:3,(anonymous_4)
DA:1,1
DA:3,1
DA:4,2
DA:5,2
DA:6,2
DA:7,1
DA:9,1
DA:13,1
DA:14,3
DA:15,3
DA:16,2
DA:17,1
DA:19,1
DA:21,1
DA:25,1
DA:26,2
DA:27,2
DA:28,1
DA:30,1
DA:36,1
DA:37,3
DA:38,3
DA:41,2
DA:42,1
DA:44,1
DA:46,1
DA:50,1
DA:51,3
DA:52,3
DA:53,2
DA:54,1
DA:56,1
DA:58,1
DA:62,1
LF:34
LH:34
BRDA:16,0,0,1
BRDA:16,0,1,1
BRDA:41,1,0,1
BRDA:41,1,1,1
BRDA:53,2,0,1
BRDA:53,2,1,1
BRF:6
BRH:6
end_of_record
TN:
SF:controllers\ProductController.js
FN:4,(anonymous_0)
FN:14,(anonymous_1)
FN:23,(anonymous_2)
FN:32,(anonymous_3)
FN:44,(anonymous_4)
FN:58,(anonymous_5)
FN:70,(anonymous_6)
FN:80,(anonymous_7)
FN:97,(anonymous_8)
FN:107,(anonymous_9)
FN:119,(anonymous_10)
FNF:11
FNH:5
FNDA:2,(anonymous_0)
FNDA:2,(anonymous_1)
FNDA:0,(anonymous_2)
FNDA:3,(anonymous_3)
FNDA:2,(anonymous_4)
FNDA:2,(anonymous_5)
FNDA:0,(anonymous_6)
FNDA:0,(anonymous_7)
FNDA:0,(anonymous_8)
FNDA:0,(anonymous_9)
FNDA:0,(anonymous_10)
DA:1,1
DA:2,1
DA:4,1
DA:5,2
DA:6,2
DA:7,2
DA:8,1
DA:10,1
DA:14,1
DA:15,2
DA:16,2
DA:17,1
DA:19,1
DA:23,1
DA:24,0
DA:25,0
DA:26,0
DA:28,0
DA:32,1
DA:33,3
DA:34,3
DA:35,2
DA:36,1
DA:38,1
DA:40,1
DA:44,1
DA:45,2
DA:46,2
DA:49,2
DA:50,1
DA:52,1
DA:54,0
DA:58,1
DA:59,2
DA:60,2
DA:61,2
DA:62,1
DA:64,1
DA:66,0
DA:70,1
DA:71,0
DA:72,0
DA:73,0
DA:75,0
DA:77,0
DA:80,1
DA:81,0
DA:82,0
DA:83,0
DA:84,0
DA:85,0
DA:89,0
DA:91,0
DA:97,1
DA:98,0
DA:99,0
DA:100,0
DA:101,0
DA:103,0
DA:107,1
DA:108,0
DA:109,0
DA:110,0
DA:111,0
DA:113,0
DA:115,0
DA:119,1
DA:120,0
DA:121,0
DA:122,0
DA:124,0
LF:71
LH:38
BRDA:35,0,0,1
BRDA:35,0,1,1
BRDA:49,1,0,1
BRDA:49,1,1,1
BRDA:61,2,0,1
BRDA:61,2,1,1
BRDA:84,3,0,0
BRDA:84,3,1,0
BRDA:110,4,0,0
BRDA:110,4,1,0
BRF:10
BRH:6
end_of_record
TN:
SF:controllers\PromotionController.js
FN:4,(anonymous_0)
FN:15,(anonymous_1)
FN:24,(anonymous_2)
FN:33,(anonymous_3)
FN:52,(anonymous_4)
FNF:5
FNH:5
FNDA:1,(anonymous_0)
FNDA:1,(anonymous_1)
FNDA:1,(anonymous_2)
FNDA:1,(anonymous_3)
FNDA:2,(anonymous_4)
DA:1,1
DA:2,1
DA:4,1
DA:5,1
DA:6,1
DA:7,1
DA:8,1
DA:9,1
DA:11,0
DA:15,1
DA:16,1
DA:17,1
DA:18,1
DA:20,0
DA:24,1
DA:25,1
DA:26,1
DA:27,1
DA:29,0
DA:33,1
DA:34,1
DA:35,1
DA:37,1
DA:42,1
DA:43,0
DA:46,1
DA:48,0
DA:52,1
DA:53,2
DA:54,2
DA:55,2
DA:56,2
DA:57,1
DA:59,1
DA:62,1
DA:65,0
DA:67,0
DA:71,1
LF:38
LH:31
BRDA:42,0,0,0
BRDA:42,0,1,1
BRDA:56,1,0,1
BRDA:56,1,1,1
BRF:4
BRH:3
end_of_record
TN:
SF:controllers\RatingController.js
FN:4,getRateAVG
FN:6,(anonymous_1)
FN:12,(anonymous_2)
FN:33,(anonymous_3)
FN:51,(anonymous_4)
FN:66,(anonymous_5)
FN:89,(anonymous_6)
FN:108,(anonymous_7)
FNF:8
FNH:8
FNDA:4,getRateAVG
FNDA:4,(anonymous_1)
FNDA:1,(anonymous_2)
FNDA:1,(anonymous_3)
FNDA:2,(anonymous_4)
FNDA:2,(anonymous_5)
FNDA:2,(anonymous_6)
FNDA:1,(anonymous_7)
DA:1,1
DA:2,1
DA:5,4
DA:6,4
DA:7,4
DA:12,1
DA:13,1
DA:14,1
DA:15,1
DA:16,1
DA:18,1
DA:19,1
DA:21,1
DA:26,0
DA:33,1
DA:34,1
DA:35,1
DA:36,1
DA:37,1
DA:39,1
DA:44,0
DA:51,1
DA:52,2
DA:53,2
DA:54,2
DA:55,1
DA:57,1
DA:59,0
DA:66,1
DA:67,2
DA:68,2
DA:73,2
DA:74,1
DA:77,1
DA:78,1
DA:80,1
DA:82,0
DA:89,1
DA:90,2
DA:91,2
DA:92,2
DA:93,1
DA:96,1
DA:97,1
DA:99,1
DA:101,0
DA:108,1
DA:109,1
DA:110,1
DA:111,1
DA:112,1
DA:114,0
LF:52
LH:46
BRDA:7,0,0,3
BRDA:7,0,1,1
BRDA:54,1,0,1
BRDA:54,1,1,1
BRDA:73,2,0,1
BRDA:73,2,1,1
BRDA:92,3,0,1
BRDA:92,3,1,1
BRF:8
BRH:8
end_of_record
TN:
SF:controllers\ReclamationController.js
FN:3,(anonymous_0)
FN:29,(anonymous_1)
FN:42,(anonymous_2)
FN:57,(anonymous_3)
FN:76,(anonymous_4)
FNF:5
FNH:5
FNDA:2,(anonymous_0)
FNDA:1,(anonymous_1)
FNDA:3,(anonymous_2)
FNDA:3,(anonymous_3)
FNDA:3,(anonymous_4)
DA:1,1
DA:3,1
DA:4,2
DA:5,2
DA:7,2
DA:15,2
DA:17,1
DA:22,1
DA:29,1
DA:30,1
DA:31,1
DA:32,1
DA:33,1
DA:35,0
DA:42,1
DA:43,3
DA:44,3
DA:45,2
DA:46,1
DA:48,1
DA:50,1
DA:57,1
DA:58,3
DA:59,3
DA:64,2
DA:65,1
DA:67,1
DA:69,1
DA:76,1
DA:77,3
DA:78,3
DA:79,2
DA:80,1
DA:82,1
DA:84,1
LF:35
LH:34
BRDA:45,0,0,1
BRDA:45,0,1,1
BRDA:64,1,0,1
BRDA:64,1,1,1
BRDA:79,2,0,1
BRDA:79,2,1,1
BRF:6
BRH:6
end_of_record
TN:
SF:controllers\ReviewController.js
FN:3,(anonymous_0)
FN:26,(anonymous_1)
FN:41,(anonymous_2)
FN:62,(anonymous_3)
FNF:4
FNH:4
FNDA:1,(anonymous_0)
FNDA:1,(anonymous_1)
FNDA:1,(anonymous_2)
FNDA:1,(anonymous_3)
DA:1,1
DA:3,1
DA:4,1
DA:5,1
DA:7,1
DA:14,1
DA:15,1
DA:16,1
DA:20,0
DA:26,1
DA:27,1
DA:29,1
DA:30,1
DA:33,1
DA:35,0
DA:41,1
DA:42,1
DA:43,1
DA:45,1
DA:46,1
DA:51,1
DA:56,0
DA:62,1
DA:63,1
DA:65,1
DA:66,1
DA:67,1
DA:69,0
LF:28
LH:24
BRF:0
BRH:0
end_of_record
TN:
SF:controllers\SalesController.js
FN:3,(anonymous_0)
FN:47,(anonymous_1)
FN:58,(anonymous_2)
FN:71,(anonymous_3)
FN:84,(anonymous_4)
FNF:5
FNH:5
FNDA:3,(anonymous_0)
FNDA:2,(anonymous_1)
FNDA:3,(anonymous_2)
FNDA:2,(anonymous_3)
FNDA:3,(anonymous_4)
DA:1,1
DA:3,1
DA:4,3
DA:6,3
DA:8,3
DA:39,3
DA:41,1
DA:43,2
DA:47,1
DA:48,2
DA:49,2
DA:50,2
DA:52,1
DA:54,1
DA:58,1
DA:59,3
DA:60,3
DA:61,2
DA:62,1
DA:65,1
DA:67,1
DA:71,1
DA:72,2
DA:73,2
DA:74,2
DA:75,1
DA:78,1
DA:80,0
DA:84,1
DA:85,3
DA:86,3
DA:89,2
DA:90,1
DA:92,1
DA:94,1
LF:35
LH:34
BRDA:61,0,0,1
BRDA:61,0,1,1
BRDA:74,1,0,1
BRDA:74,1,1,1
BRDA:89,2,0,1
BRDA:89,2,1,1
BRF:6
BRH:6
end_of_record
TN:
SF:controllers\SubCategoryController.js
FN:3,(anonymous_0)
FN:13,(anonymous_1)
FN:25,(anonymous_2)
FN:36,(anonymous_3)
FN:54,(anonymous_4)
FNF:5
FNH:5
FNDA:1,(anonymous_0)
FNDA:2,(anonymous_1)
FNDA:1,(anonymous_2)
FNDA:2,(anonymous_3)
FNDA:3,(anonymous_4)
DA:1,1
DA:3,1
DA:4,1
DA:5,1
DA:6,1
DA:7,1
DA:9,0
DA:13,1
DA:14,2
DA:15,2
DA:16,2
DA:17,1
DA:19,1
DA:21,0
DA:25,1
DA:26,1
DA:27,1
DA:28,1
DA:30,0
DA:36,1
DA:37,2
DA:38,2
DA:45,2
DA:46,1
DA:48,1
DA:50,0
DA:54,1
DA:55,3
DA:56,3
DA:59,2
DA:60,1
DA:62,1
DA:64,1
DA:68,1
LF:34
LH:30
BRDA:16,0,0,1
BRDA:16,0,1,1
BRDA:45,1,0,1
BRDA:45,1,1,1
BRDA:59,2,0,1
BRDA:59,2,1,1
BRF:6
BRH:6
end_of_record
TN:
SF:controllers\SupplierController.js
FN:3,(anonymous_0)
FN:13,(anonymous_1)
FN:22,(anonymous_2)
FN:34,(anonymous_3)
FN:46,(anonymous_4)
FNF:5
FNH:5
FNDA:2,(anonymous_0)
FNDA:2,(anonymous_1)
FNDA:3,(anonymous_2)
FNDA:3,(anonymous_3)
FNDA:3,(anonymous_4)
DA:1,1
DA:3,1
DA:4,2
DA:5,2
DA:6,2
DA:7,1
DA:9,1
DA:13,1
DA:14,2
DA:15,2
DA:16,1
DA:18,1
DA:22,1
DA:23,3
DA:24,3
DA:25,2
DA:26,1
DA:28,1
DA:30,1
DA:34,1
DA:35,3
DA:36,3
DA:37,2
DA:38,1
DA:40,1
DA:42,1
DA:46,1
DA:47,3
DA:48,3
DA:49,2
DA:50,1
DA:52,1
DA:54,1
LF:33
LH:33
BRDA:25,0,0,1
BRDA:25,0,1,1
BRDA:37,1,0,1
BRDA:37,1,1,1
BRDA:49,2,0,1
BRDA:49,2,1,1
BRF:6
BRH:6
end_of_record
TN:
SF:controllers\WishListController.js
FN:3,(anonymous_0)
FN:13,(anonymous_1)
FN:16,(anonymous_2)
FN:28,(anonymous_3)
FN:46,(anonymous_4)
FNF:5
FNH:5
FNDA:1,(anonymous_0)
FNDA:2,(anonymous_1)
FNDA:2,(anonymous_2)
FNDA:3,(anonymous_3)
FNDA:3,(anonymous_4)
DA:1,1
DA:3,1
DA:4,1
DA:5,1
DA:6,1
DA:7,1
DA:9,0
DA:13,1
DA:14,2
DA:15,2
DA:16,2
DA:17,2
DA:18,1
DA:20,1
DA:24,0
DA:28,1
DA:29,3
DA:30,3
DA:36,2
DA:37,1
DA:40,1
DA:42,1
DA:46,1
DA:47,3
DA:49,3
DA:50,3
DA:51,2
DA:52,1
DA:54,1
DA:57,1
DA:61,1
LF:31
LH:29
BRDA:17,0,0,1
BRDA:17,0,1,1
BRDA:36,1,0,1
BRDA:36,1,1,1
BRDA:51,2,0,1
BRDA:51,2,1,1
BRF:6
BRH:6
end_of_record
TN:
SF:models\Cart.js
FNF:0
FNH:0
DA:1,1
DA:3,1
DA:19,1
LF:3
LH:3
BRF:0
BRH:0
end_of_record
TN:
SF:models\Category.js
FNF:0
FNH:0
DA:1,1
DA:3,1
DA:16,1
LF:3
LH:3
BRF:0
BRH:0
end_of_record
TN:
SF:models\OTP.js
FNF:0
FNH:0
DA:1,1
DA:2,1
DA:4,1
DA:22,1
DA:23,1
LF:5
LH:5
BRF:0
BRH:0
end_of_record
TN:
SF:models\Product.js
FNF:0
FNH:0
DA:1,3
DA:3,3
DA:27,3
LF:3
LH:3
BRF:0
BRH:0
end_of_record
TN:
SF:models\Product3D.js
FNF:0
FNH:0
DA:1,1
DA:3,1
DA:10,1
LF:3
LH:3
BRF:0
BRH:0
end_of_record
TN:
SF:models\Promotion.js
FNF:0
FNH:0
DA:1,1
DA:3,1
DA:13,1
LF:3
LH:3
BRF:0
BRH:0
end_of_record
TN:
SF:models\Rating.js
FNF:0
FNH:0
DA:1,1
DA:2,1
DA:4,1
DA:22,1
DA:23,1
LF:5
LH:5
BRF:0
BRH:0
end_of_record
TN:
SF:models\Reclamation.js
FNF:0
FNH:0
DA:1,1
DA:2,1
DA:4,1
DA:37,1
DA:38,1
LF:5
LH:5
BRF:0
BRH:0
end_of_record
TN:
SF:models\Review.js
FNF:0
FNH:0
DA:1,1
DA:2,1
DA:4,1
DA:26,1
LF:4
LH:4
BRF:0
BRH:0
end_of_record
TN:
SF:models\Sales.js
FNF:0
FNH:0
DA:1,1
DA:3,1
DA:20,1
LF:3
LH:3
BRF:0
BRH:0
end_of_record
TN:
SF:models\SubCategory.js
FNF:0
FNH:0
DA:1,1
DA:3,1
DA:13,1
LF:3
LH:3
BRF:0
BRH:0
end_of_record
TN:
SF:models\User.js
FNF:0
FNH:0
DA:1,1
DA:2,1
DA:4,1
DA:58,1
DA:59,1
LF:5
LH:5
BRF:0
BRH:0
end_of_record
TN:
SF:models\WishList.js
FNF:0
FNH:0
DA:1,1
DA:3,1
DA:20,1
LF:3
LH:3
BRF:0
BRH:0
end_of_record
TN:
SF:models\supplier.js
FNF:0
FNH:0
DA:1,1
DA:3,1
DA:15,1
DA:17,1
LF:4
LH:4
BRF:0
BRH:0
end_of_record
